{
  "RSpec": {
    "coverage": {
      "/Users/bseroyer/Desktop/Brandon/von_dubinhaus/spec/models/dog_spec.rb": [
        1,
        null,
        1,
        null,
        2,
        2,
        2,
        2,
        2,
        null,
        null
      ],
      "/Users/bseroyer/Desktop/Brandon/von_dubinhaus/spec/rails_helper.rb": [
        1,
        1,
        null,
        1,
        1,
        1,
        null,
        1,
        null,
        1,
        1,
        1,
        1,
        null,
        null,
        1,
        1,
        1,
        1,
        null,
        null
      ],
      "/Users/bseroyer/Desktop/Brandon/von_dubinhaus/config/environment.rb": [
        null,
        1,
        null,
        null,
        1
      ],
      "/Users/bseroyer/Desktop/Brandon/von_dubinhaus/config/application.rb": [
        1,
        null,
        1,
        null,
        null,
        null,
        1,
        null,
        1,
        1,
        null,
        null,
        null,
        null,
        null,
        null,
        null,
        null,
        null,
        null,
        null,
        null,
        null,
        1,
        null,
        null
      ],
      "/Users/bseroyer/Desktop/Brandon/von_dubinhaus/config/boot.rb": [
        1,
        null,
        1
      ],
      "/Users/bseroyer/Desktop/Brandon/von_dubinhaus/config/environments/test.rb": [
        1,
        null,
        null,
        null,
        null,
        null,
        null,
        1,
        null,
        null,
        null,
        null,
        1,
        null,
        null,
        1,
        1,
        null,
        null,
        1,
        1,
        null,
        null,
        1,
        null,
        null,
        1,
        null,
        null,
        null,
        null,
        1,
        null,
        null,
        1,
        null,
        null,
        1,
        null,
        null,
        null,
        null
      ],
      "/Users/bseroyer/Desktop/Brandon/von_dubinhaus/config/initializers/assets.rb": [
        null,
        null,
        null,
        1,
        null,
        null,
        null,
        null,
        null,
        null,
        null
      ],
      "/Users/bseroyer/Desktop/Brandon/von_dubinhaus/config/initializers/backtrace_silencers.rb": [
        null,
        null,
        null,
        null,
        null,
        null,
        null
      ],
      "/Users/bseroyer/Desktop/Brandon/von_dubinhaus/config/initializers/cookies_serializer.rb": [
        null,
        null,
        1
      ],
      "/Users/bseroyer/Desktop/Brandon/von_dubinhaus/config/initializers/devise.rb": [
        null,
        null,
        1,
        null,
        null,
        null,
        null,
        null,
        null,
        null,
        null,
        null,
        null,
        null,
        1,
        null,
        null,
        null,
        null,
        null,
        null,
        null,
        null,
        1,
        null,
        null,
        null,
        null,
        null,
        null,
        null,
        null,
        null,
        null,
        null,
        null,
        null,
        null,
        null,
        null,
        null,
        null,
        null,
        null,
        null,
        1,
        null,
        null,
        null,
        null,
        1,
        null,
        null,
        null,
        null,
        null,
        null,
        null,
        null,
        null,
        null,
        null,
        null,
        null,
        null,
        null,
        null,
        null,
        null,
        null,
        null,
        null,
        null,
        null,
        null,
        null,
        null,
        null,
        null,
        null,
        null,
        1,
        null,
        null,
        null,
        null,
        null,
        null,
        null,
        null,
        null,
        null,
        null,
        null,
        null,
        null,
        null,
        null,
        1,
        null,
        null,
        null,
        null,
        null,
        null,
        null,
        null,
        null,
        null,
        null,
        null,
        null,
        null,
        null,
        null,
        null,
        null,
        null,
        null,
        null,
        null,
        null,
        null,
        1,
        null,
        null,
        null,
        null,
        null,
        null,
        null,
        null,
        null,
        1,
        null,
        null,
        null,
        null,
        null,
        null,
        null,
        null,
        null,
        null,
        1,
        null,
        null,
        null,
        null,
        null,
        null,
        null,
        null,
        null,
        null,
        null,
        null,
        null,
        null,
        null,
        null,
        null,
        null,
        null,
        null,
        null,
        null,
        null,
        null,
        null,
        null,
        null,
        null,
        null,
        null,
        null,
        null,
        null,
        null,
        null,
        null,
        null,
        null,
        null,
        null,
        null,
        null,
        null,
        null,
        null,
        1,
        null,
        null,
        null,
        null,
        null,
        null,
        null,
        null,
        null,
        null,
        null,
        null,
        null,
        null,
        null,
        null,
        null,
        null,
        null,
        null,
        null,
        null,
        null,
        null,
        null,
        null,
        null,
        null,
        null,
        null,
        null,
        null,
        null,
        null,
        null,
        null,
        null,
        null,
        null,
        null,
        null,
        1,
        null,
        null,
        null,
        null,
        null,
        null,
        null,
        null,
        null,
        null,
        null,
        null,
        null,
        null,
        null,
        null,
        null,
        null,
        null,
        null,
        null,
        null,
        null,
        null,
        null,
        null,
        null,
        null,
        null
      ],
      "/Users/bseroyer/Desktop/Brandon/von_dubinhaus/config/initializers/filter_parameter_logging.rb": [
        null,
        null,
        null,
        1
      ],
      "/Users/bseroyer/Desktop/Brandon/von_dubinhaus/config/initializers/inflections.rb": [
        null,
        null,
        null,
        null,
        null,
        null,
        null,
        null,
        null,
        null,
        null,
        null,
        null,
        null,
        null,
        null
      ],
      "/Users/bseroyer/Desktop/Brandon/von_dubinhaus/config/initializers/mime_types.rb": [
        null,
        null,
        null,
        null
      ],
      "/Users/bseroyer/Desktop/Brandon/von_dubinhaus/config/initializers/session_store.rb": [
        null,
        null,
        1
      ],
      "/Users/bseroyer/Desktop/Brandon/von_dubinhaus/config/initializers/wrap_parameters.rb": [
        null,
        null,
        null,
        null,
        null,
        null,
        1,
        1,
        null,
        null,
        null,
        null,
        null,
        null
      ],
      "/Users/bseroyer/Desktop/Brandon/von_dubinhaus/config/routes.rb": [
        1,
        1,
        1,
        null,
        1,
        null
      ],
      "/Users/bseroyer/Desktop/Brandon/von_dubinhaus/app/models/user.rb": [
        1,
        null,
        null,
        1,
        null,
        null,
        1,
        null
      ],
      "/Users/bseroyer/Desktop/Brandon/von_dubinhaus/app/helpers/application_helper.rb": [
        1,
        null
      ],
      "/Users/bseroyer/Desktop/Brandon/von_dubinhaus/app/models/dog.rb": [
        1,
        1,
        null,
        1,
        1,
        1,
        1,
        1,
        null,
        1,
        1,
        null,
        null
      ],
      "/Users/bseroyer/Desktop/Brandon/von_dubinhaus/spec/models/user_spec.rb": [
        1,
        null,
        1,
        null,
        2,
        2,
        null
      ]
    },
    "timestamp": 1446614335
  }
}
